● Request failed due to a transient API error. Retrying...

● Request failed due to a transient API error. Retrying...

● Request failed due to a transient API error. Retrying...

● Request failed due to a transient API error. Retrying...

● Request failed (session_token_refresh). Retrying...

Reading project files to find failing unit tests and incorrect package declarations. Will list and open test files and related source files to identify mismatches. Fetching root directory and test sources in parallel.

✗ view view file · path: "/shared/spring-boot-keycloak-mysql/springboot-cqrs-mysql-pet…"
  └ "view_range": Expected array, received null

● List directory .
  └ 18 files found

● List directory src
  └ 2 files found

● List directory src/test
  └ 2 files found

● List directory src/test/java
  └ 1 file found

● List directory src/test/java/com
  └ 1 file found

● List directory src/test/java/com/opentele
  └ 1 file found

● List directory src/test/java/com/opentele/stacktrace
  └ 1 file found

● Read RedisStackTracePersistenceServiceTest.java
  │ src/test/java/com/opentele/stacktrace/RedisStackTracePersistenceServiceTest.java
  └ L1:400 (262 lines read)

Opening application source files to compare package declarations and identify mismatches. Will list main/java/com files in parallel.

● List directory src/main/java
  └ 1 file found

● List directory src/main/java/com
  └ 1 file found

● List directory src/main/java/com/opentele
  └ 1 file found

● List directory src/main/java/com/opentele/stacktrace
  └ 8 files found

● Read StackTraceData.java
  │ src/main/java/com/opentele/stacktrace/StackTraceData.java
  └ L1:400 (39 lines read)

● Read RedisStackTracePersistenceService.java
  │ src/main/java/com/opentele/stacktrace/RedisStackTracePersistenceService.java
  └ L1:400 (165 lines read)

● Read TelemetryException.java
  │ src/main/java/com/opentele/stacktrace/TelemetryException.java
  └ L1:400 (71 lines read)

Running Maven test to see failing unit tests and compilation errors. This identifies exact test failures to fix only test files.

● Run Maven tests to see failures (shell)
  │ mvn -q test -DtrimStackTrace=false
  └ 58 lines…

Ran Maven tests and started the Spring Boot test context. All unit tests passed and the Spring Boot context started successfully (see mvn test output). No test-file edits were necessary. 
